<?xml version="1.0" encoding="UTF-8"?>
<!-- Generated by org.testng.reporters.JUnitReportReporter -->
<testsuite hostname="Ali-Mahmoud" failures="0" tests="3" name="Runner.Test_runner" time="4.018" errors="3" timestamp="2023-05-20T16:12:30 EET" skipped="0">
  <testcase classname="Runner.Test_runner" name="runScenario" time="0.726">
    <error message="Unable to establish websocket connection to http://localhost:50576/devtools/browser/c34df093-1b55-4630-a5a7-8f02998555d3
Build info: version: &#039;4.1.1&#039;, revision: &#039;e8fcc2cecf&#039;
System info: host: &#039;ALI-MAHMOUD&#039;, ip: &#039;192.168.1.3&#039;, os.name: &#039;Windows 11&#039;, os.arch: &#039;amd64&#039;, os.version: &#039;10.0&#039;, java.version: &#039;18&#039;
Driver info: driver.version: ChromeDriver" type="org.openqa.selenium.remote.http.ConnectionFailedException">
      <![CDATA[org.openqa.selenium.remote.http.ConnectionFailedException: Unable to establish websocket connection to http://localhost:50576/devtools/browser/c34df093-1b55-4630-a5a7-8f02998555d3
Build info: version: '4.1.1', revision: 'e8fcc2cecf'
System info: host: 'ALI-MAHMOUD', ip: '192.168.1.3', os.name: 'Windows 11', os.arch: 'amd64', os.version: '10.0', java.version: '18'
Driver info: driver.version: ChromeDriver
at org.openqa.selenium.remote.http.netty.NettyWebSocket.<init>(NettyWebSocket.java:104)
at org.openqa.selenium.remote.http.netty.NettyWebSocket.lambda$create$3(NettyWebSocket.java:137)
at org.openqa.selenium.remote.http.netty.NettyClient.openSocket(NettyClient.java:118)
at org.openqa.selenium.devtools.Connection.<init>(Connection.java:77)
at org.openqa.selenium.chromium.ChromiumDriver.lambda$new$2(ChromiumDriver.java:124)
at java.base/java.util.Optional.map(Optional.java:260)
at org.openqa.selenium.chromium.ChromiumDriver.<init>(ChromiumDriver.java:122)
at org.openqa.selenium.chrome.ChromeDriver.<init>(ChromeDriver.java:104)
at org.openqa.selenium.chrome.ChromeDriver.<init>(ChromeDriver.java:91)
at org.openqa.selenium.chrome.ChromeDriver.<init>(ChromeDriver.java:46)
at step_defnition.Hooks.open_browser(Hooks.java:24)
]]>
    </error>
  </testcase> <!-- runScenario -->
  <system-out/>
  <testcase classname="Runner.Test_runner" name="runScenario" time="2.480">
    <error message="Unable to establish websocket connection to http://localhost:50550/devtools/browser/cdc14ae7-9c7d-4388-a429-eaa9914e239d
Build info: version: &#039;4.1.1&#039;, revision: &#039;e8fcc2cecf&#039;
System info: host: &#039;ALI-MAHMOUD&#039;, ip: &#039;192.168.1.3&#039;, os.name: &#039;Windows 11&#039;, os.arch: &#039;amd64&#039;, os.version: &#039;10.0&#039;, java.version: &#039;18&#039;
Driver info: driver.version: ChromeDriver" type="org.openqa.selenium.remote.http.ConnectionFailedException">
      <![CDATA[org.openqa.selenium.remote.http.ConnectionFailedException: Unable to establish websocket connection to http://localhost:50550/devtools/browser/cdc14ae7-9c7d-4388-a429-eaa9914e239d
Build info: version: '4.1.1', revision: 'e8fcc2cecf'
System info: host: 'ALI-MAHMOUD', ip: '192.168.1.3', os.name: 'Windows 11', os.arch: 'amd64', os.version: '10.0', java.version: '18'
Driver info: driver.version: ChromeDriver
at org.openqa.selenium.remote.http.netty.NettyWebSocket.<init>(NettyWebSocket.java:104)
at org.openqa.selenium.remote.http.netty.NettyWebSocket.lambda$create$3(NettyWebSocket.java:137)
at org.openqa.selenium.remote.http.netty.NettyClient.openSocket(NettyClient.java:118)
at org.openqa.selenium.devtools.Connection.<init>(Connection.java:77)
at org.openqa.selenium.chromium.ChromiumDriver.lambda$new$2(ChromiumDriver.java:124)
at java.base/java.util.Optional.map(Optional.java:260)
at org.openqa.selenium.chromium.ChromiumDriver.<init>(ChromiumDriver.java:122)
at org.openqa.selenium.chrome.ChromeDriver.<init>(ChromeDriver.java:104)
at org.openqa.selenium.chrome.ChromeDriver.<init>(ChromeDriver.java:91)
at org.openqa.selenium.chrome.ChromeDriver.<init>(ChromeDriver.java:46)
at step_defnition.Hooks.open_browser(Hooks.java:24)
]]>
    </error>
  </testcase> <!-- runScenario -->
  <system-out/>
  <testcase classname="Runner.Test_runner" name="runScenario" time="0.812">
    <error message="Unable to establish websocket connection to http://localhost:50563/devtools/browser/8291f821-7946-40cd-ac19-b8da74e20848
Build info: version: &#039;4.1.1&#039;, revision: &#039;e8fcc2cecf&#039;
System info: host: &#039;ALI-MAHMOUD&#039;, ip: &#039;192.168.1.3&#039;, os.name: &#039;Windows 11&#039;, os.arch: &#039;amd64&#039;, os.version: &#039;10.0&#039;, java.version: &#039;18&#039;
Driver info: driver.version: ChromeDriver" type="org.openqa.selenium.remote.http.ConnectionFailedException">
      <![CDATA[org.openqa.selenium.remote.http.ConnectionFailedException: Unable to establish websocket connection to http://localhost:50563/devtools/browser/8291f821-7946-40cd-ac19-b8da74e20848
Build info: version: '4.1.1', revision: 'e8fcc2cecf'
System info: host: 'ALI-MAHMOUD', ip: '192.168.1.3', os.name: 'Windows 11', os.arch: 'amd64', os.version: '10.0', java.version: '18'
Driver info: driver.version: ChromeDriver
at org.openqa.selenium.remote.http.netty.NettyWebSocket.<init>(NettyWebSocket.java:104)
at org.openqa.selenium.remote.http.netty.NettyWebSocket.lambda$create$3(NettyWebSocket.java:137)
at org.openqa.selenium.remote.http.netty.NettyClient.openSocket(NettyClient.java:118)
at org.openqa.selenium.devtools.Connection.<init>(Connection.java:77)
at org.openqa.selenium.chromium.ChromiumDriver.lambda$new$2(ChromiumDriver.java:124)
at java.base/java.util.Optional.map(Optional.java:260)
at org.openqa.selenium.chromium.ChromiumDriver.<init>(ChromiumDriver.java:122)
at org.openqa.selenium.chrome.ChromeDriver.<init>(ChromeDriver.java:104)
at org.openqa.selenium.chrome.ChromeDriver.<init>(ChromeDriver.java:91)
at org.openqa.selenium.chrome.ChromeDriver.<init>(ChromeDriver.java:46)
at step_defnition.Hooks.open_browser(Hooks.java:24)
]]>
    </error>
  </testcase> <!-- runScenario -->
  <system-out/>
</testsuite> <!-- Runner.Test_runner -->
